<?xml version="1.0" encoding="UTF-8"?>
<!-- Generated by org.testng.reporters.JUnitReportReporter -->
<testsuite hostname="shreyapatil" failures="0" tests="1" name="com.assetyzerTickets.CreateEvent" time="10.331" errors="0" timestamp="2025-02-25T15:07:37 IST" skipped="0">
  <testcase classname="com.assetyzerTickets.CreateEvent" name="createEventFlow" time="10.331"/>
</testsuite> <!-- com.assetyzerTickets.CreateEvent -->
